2016-04-23 18:07:47  [ main-EventThread:87 ] - [ ERROR ]  Error while calling watcher 
java.lang.NullPointerException
	at org.apache.zookeeper.ClientCnxn$EventThread.processEvent(ClientCnxn.java:522)
	at org.apache.zookeeper.ClientCnxn$EventThread.run(ClientCnxn.java:498)
2016-04-23 18:10:16  [ main-EventThread:67 ] - [ ERROR ]  Error while calling watcher 
java.lang.NullPointerException
	at org.apache.zookeeper.ClientCnxn$EventThread.processEvent(ClientCnxn.java:522)
	at org.apache.zookeeper.ClientCnxn$EventThread.run(ClientCnxn.java:498)
2016-04-23 18:37:32  [ main-EventThread:63 ] - [ ERROR ]  Error while calling watcher 
java.lang.NullPointerException
	at org.apache.zookeeper.ClientCnxn$EventThread.processEvent(ClientCnxn.java:522)
	at org.apache.zookeeper.ClientCnxn$EventThread.run(ClientCnxn.java:498)
2016-04-23 18:50:25  [ main-EventThread:63 ] - [ ERROR ]  Error while calling watcher 
java.lang.NullPointerException
	at org.apache.zookeeper.ClientCnxn$EventThread.processEvent(ClientCnxn.java:522)
	at org.apache.zookeeper.ClientCnxn$EventThread.run(ClientCnxn.java:498)
2016-04-23 18:50:41  [ main-EventThread:65 ] - [ ERROR ]  Error while calling watcher 
java.lang.NullPointerException
	at org.apache.zookeeper.ClientCnxn$EventThread.processEvent(ClientCnxn.java:522)
	at org.apache.zookeeper.ClientCnxn$EventThread.run(ClientCnxn.java:498)
2016-04-23 18:52:53  [ main-EventThread:66 ] - [ ERROR ]  Error while calling watcher 
java.lang.NullPointerException
	at org.apache.zookeeper.ClientCnxn$EventThread.processEvent(ClientCnxn.java:522)
	at org.apache.zookeeper.ClientCnxn$EventThread.run(ClientCnxn.java:498)
2016-04-23 18:59:08  [ main-EventThread:59 ] - [ ERROR ]  Error while calling watcher 
java.lang.NullPointerException
	at org.apache.zookeeper.ClientCnxn$EventThread.processEvent(ClientCnxn.java:522)
	at org.apache.zookeeper.ClientCnxn$EventThread.run(ClientCnxn.java:498)
2016-04-23 19:02:43  [ main-EventThread:65 ] - [ ERROR ]  Error while calling watcher 
java.lang.NullPointerException
	at org.apache.zookeeper.ClientCnxn$EventThread.processEvent(ClientCnxn.java:522)
	at org.apache.zookeeper.ClientCnxn$EventThread.run(ClientCnxn.java:498)
2016-04-23 19:04:00  [ main-EventThread:62 ] - [ ERROR ]  Error while calling watcher 
java.lang.NullPointerException
	at org.apache.zookeeper.ClientCnxn$EventThread.processEvent(ClientCnxn.java:522)
	at org.apache.zookeeper.ClientCnxn$EventThread.run(ClientCnxn.java:498)
2016-04-23 19:04:22  [ main-EventThread:70 ] - [ ERROR ]  Error while calling watcher 
java.lang.NullPointerException
	at org.apache.zookeeper.ClientCnxn$EventThread.processEvent(ClientCnxn.java:522)
	at org.apache.zookeeper.ClientCnxn$EventThread.run(ClientCnxn.java:498)
2016-04-23 19:07:27  [ main-EventThread:66 ] - [ ERROR ]  Error while calling watcher 
java.lang.NullPointerException
	at org.apache.zookeeper.ClientCnxn$EventThread.processEvent(ClientCnxn.java:522)
	at org.apache.zookeeper.ClientCnxn$EventThread.run(ClientCnxn.java:498)
2016-04-23 19:08:35  [ main-EventThread:55 ] - [ ERROR ]  Error while calling watcher 
java.lang.NullPointerException
	at org.apache.zookeeper.ClientCnxn$EventThread.processEvent(ClientCnxn.java:522)
	at org.apache.zookeeper.ClientCnxn$EventThread.run(ClientCnxn.java:498)
2016-04-23 19:09:01  [ main-EventThread:71 ] - [ ERROR ]  Error while calling watcher 
java.lang.NullPointerException
	at org.apache.zookeeper.ClientCnxn$EventThread.processEvent(ClientCnxn.java:522)
	at org.apache.zookeeper.ClientCnxn$EventThread.run(ClientCnxn.java:498)
2016-04-23 19:13:33  [ main-EventThread:82 ] - [ ERROR ]  Error while calling watcher 
java.lang.NullPointerException
	at org.apache.zookeeper.ClientCnxn$EventThread.processEvent(ClientCnxn.java:522)
	at org.apache.zookeeper.ClientCnxn$EventThread.run(ClientCnxn.java:498)
2016-04-23 19:14:04  [ main-EventThread:69 ] - [ ERROR ]  Error while calling watcher 
java.lang.NullPointerException
	at org.apache.zookeeper.ClientCnxn$EventThread.processEvent(ClientCnxn.java:522)
	at org.apache.zookeeper.ClientCnxn$EventThread.run(ClientCnxn.java:498)
2016-04-23 19:14:04  [ main:85 ] - [ ERROR ]  my   has no right to use this topic 
2016-04-23 19:18:22  [ main-EventThread:67 ] - [ ERROR ]  Error while calling watcher 
java.lang.NullPointerException
	at org.apache.zookeeper.ClientCnxn$EventThread.processEvent(ClientCnxn.java:522)
	at org.apache.zookeeper.ClientCnxn$EventThread.run(ClientCnxn.java:498)
2016-04-23 19:18:22  [ main-EventThread:84 ] - [ ERROR ]  Error while calling watcher 
java.lang.NullPointerException
	at org.apache.zookeeper.ClientCnxn$EventThread.processEvent(ClientCnxn.java:522)
	at org.apache.zookeeper.ClientCnxn$EventThread.run(ClientCnxn.java:498)
2016-04-23 19:18:51  [ main-EventThread:66 ] - [ ERROR ]  Error while calling watcher 
java.lang.NullPointerException
	at org.apache.zookeeper.ClientCnxn$EventThread.processEvent(ClientCnxn.java:522)
	at org.apache.zookeeper.ClientCnxn$EventThread.run(ClientCnxn.java:498)
2016-04-23 19:18:51  [ main-EventThread:82 ] - [ ERROR ]  Error while calling watcher 
java.lang.NullPointerException
	at org.apache.zookeeper.ClientCnxn$EventThread.processEvent(ClientCnxn.java:522)
	at org.apache.zookeeper.ClientCnxn$EventThread.run(ClientCnxn.java:498)
2016-04-23 19:19:26  [ main-EventThread:62 ] - [ ERROR ]  Error while calling watcher 
java.lang.NullPointerException
	at org.apache.zookeeper.ClientCnxn$EventThread.processEvent(ClientCnxn.java:522)
	at org.apache.zookeeper.ClientCnxn$EventThread.run(ClientCnxn.java:498)
2016-04-23 19:19:26  [ main-EventThread:79 ] - [ ERROR ]  Error while calling watcher 
java.lang.NullPointerException
	at org.apache.zookeeper.ClientCnxn$EventThread.processEvent(ClientCnxn.java:522)
	at org.apache.zookeeper.ClientCnxn$EventThread.run(ClientCnxn.java:498)
2016-04-23 19:19:26  [ main:91 ] - [ ERROR ]  my has no right to use this topic 
2016-04-23 19:20:21  [ main-EventThread:57 ] - [ ERROR ]  Error while calling watcher 
java.lang.NullPointerException
	at org.apache.zookeeper.ClientCnxn$EventThread.processEvent(ClientCnxn.java:522)
	at org.apache.zookeeper.ClientCnxn$EventThread.run(ClientCnxn.java:498)
2016-04-23 19:20:21  [ main-EventThread:74 ] - [ ERROR ]  Error while calling watcher 
java.lang.NullPointerException
	at org.apache.zookeeper.ClientCnxn$EventThread.processEvent(ClientCnxn.java:522)
	at org.apache.zookeeper.ClientCnxn$EventThread.run(ClientCnxn.java:498)
2016-04-23 19:21:55  [ main-EventThread:64 ] - [ ERROR ]  Error while calling watcher 
java.lang.NullPointerException
	at org.apache.zookeeper.ClientCnxn$EventThread.processEvent(ClientCnxn.java:522)
	at org.apache.zookeeper.ClientCnxn$EventThread.run(ClientCnxn.java:498)
2016-04-23 19:21:55  [ main-EventThread:80 ] - [ ERROR ]  Error while calling watcher 
java.lang.NullPointerException
	at org.apache.zookeeper.ClientCnxn$EventThread.processEvent(ClientCnxn.java:522)
	at org.apache.zookeeper.ClientCnxn$EventThread.run(ClientCnxn.java:498)
2016-04-23 19:31:13  [ main-EventThread:69 ] - [ ERROR ]  Error while calling watcher 
java.lang.NullPointerException
	at org.apache.zookeeper.ClientCnxn$EventThread.processEvent(ClientCnxn.java:522)
	at org.apache.zookeeper.ClientCnxn$EventThread.run(ClientCnxn.java:498)
2016-04-23 19:31:13  [ main-EventThread:86 ] - [ ERROR ]  Error while calling watcher 
java.lang.NullPointerException
	at org.apache.zookeeper.ClientCnxn$EventThread.processEvent(ClientCnxn.java:522)
	at org.apache.zookeeper.ClientCnxn$EventThread.run(ClientCnxn.java:498)
2016-04-23 19:33:53  [ main-EventThread:64 ] - [ ERROR ]  Error while calling watcher 
java.lang.NullPointerException
	at org.apache.zookeeper.ClientCnxn$EventThread.processEvent(ClientCnxn.java:522)
	at org.apache.zookeeper.ClientCnxn$EventThread.run(ClientCnxn.java:498)
2016-04-23 19:33:53  [ main:80 ] - [ ERROR ]  xiaoming has no right to use this topic 
2016-04-23 19:43:07  [ main-EventThread:64 ] - [ ERROR ]  Error while calling watcher 
java.lang.NullPointerException
	at org.apache.zookeeper.ClientCnxn$EventThread.processEvent(ClientCnxn.java:522)
	at org.apache.zookeeper.ClientCnxn$EventThread.run(ClientCnxn.java:498)
2016-04-23 19:43:07  [ main-EventThread:80 ] - [ ERROR ]  Error while calling watcher 
java.lang.NullPointerException
	at org.apache.zookeeper.ClientCnxn$EventThread.processEvent(ClientCnxn.java:522)
	at org.apache.zookeeper.ClientCnxn$EventThread.run(ClientCnxn.java:498)
2016-04-23 19:43:21  [ main-EventThread:60 ] - [ ERROR ]  Error while calling watcher 
java.lang.NullPointerException
	at org.apache.zookeeper.ClientCnxn$EventThread.processEvent(ClientCnxn.java:522)
	at org.apache.zookeeper.ClientCnxn$EventThread.run(ClientCnxn.java:498)
2016-04-23 19:46:59  [ main-EventThread:67 ] - [ ERROR ]  Error while calling watcher 
java.lang.NullPointerException
	at org.apache.zookeeper.ClientCnxn$EventThread.processEvent(ClientCnxn.java:522)
	at org.apache.zookeeper.ClientCnxn$EventThread.run(ClientCnxn.java:498)
2016-04-23 19:47:58  [ main-EventThread:69 ] - [ ERROR ]  Error while calling watcher 
java.lang.NullPointerException
	at org.apache.zookeeper.ClientCnxn$EventThread.processEvent(ClientCnxn.java:522)
	at org.apache.zookeeper.ClientCnxn$EventThread.run(ClientCnxn.java:498)
2016-04-23 19:48:35  [ main-EventThread:63 ] - [ ERROR ]  Error while calling watcher 
java.lang.NullPointerException
	at org.apache.zookeeper.ClientCnxn$EventThread.processEvent(ClientCnxn.java:522)
	at org.apache.zookeeper.ClientCnxn$EventThread.run(ClientCnxn.java:498)
2016-04-23 19:49:12  [ main-EventThread:82 ] - [ ERROR ]  Error while calling watcher 
java.lang.NullPointerException
	at org.apache.zookeeper.ClientCnxn$EventThread.processEvent(ClientCnxn.java:522)
	at org.apache.zookeeper.ClientCnxn$EventThread.run(ClientCnxn.java:498)
2016-04-23 19:52:40  [ main-EventThread:57 ] - [ ERROR ]  Error while calling watcher 
java.lang.NullPointerException
	at org.apache.zookeeper.ClientCnxn$EventThread.processEvent(ClientCnxn.java:522)
	at org.apache.zookeeper.ClientCnxn$EventThread.run(ClientCnxn.java:498)
2016-04-23 19:56:29  [ main-EventThread:72 ] - [ ERROR ]  Error while calling watcher 
java.lang.NullPointerException
	at org.apache.zookeeper.ClientCnxn$EventThread.processEvent(ClientCnxn.java:522)
	at org.apache.zookeeper.ClientCnxn$EventThread.run(ClientCnxn.java:498)
2016-04-23 19:56:29  [ main:87 ] - [ ERROR ]  xiaoming has no right to use this topic 
2016-04-23 19:56:40  [ main-EventThread:61 ] - [ ERROR ]  Error while calling watcher 
java.lang.NullPointerException
	at org.apache.zookeeper.ClientCnxn$EventThread.processEvent(ClientCnxn.java:522)
	at org.apache.zookeeper.ClientCnxn$EventThread.run(ClientCnxn.java:498)
2016-04-23 19:57:27  [ main-EventThread:61 ] - [ ERROR ]  Error while calling watcher 
java.lang.NullPointerException
	at org.apache.zookeeper.ClientCnxn$EventThread.processEvent(ClientCnxn.java:522)
	at org.apache.zookeeper.ClientCnxn$EventThread.run(ClientCnxn.java:498)
2016-04-23 19:57:40  [ main-EventThread:61 ] - [ ERROR ]  Error while calling watcher 
java.lang.NullPointerException
	at org.apache.zookeeper.ClientCnxn$EventThread.processEvent(ClientCnxn.java:522)
	at org.apache.zookeeper.ClientCnxn$EventThread.run(ClientCnxn.java:498)
